app/build/intermediates/manifest_merge_blame_file/debug/manifest-merger-blame-debug-report.txt
1<?xml version="1.0" encoding="utf-8"?>
2<manifest xmlns:android="http://schemas.android.com/apk/res/android"
3    package="com.example.mypro"
4    android:versionCode="1"
5    android:versionName="1.0" >
6
7    <uses-sdk
8        android:minSdkVersion="23"
8-->src\main\AndroidManifest.xml
9        android:targetSdkVersion="29" />
9-->src\main\AndroidManifest.xml
10
11    <uses-permission android:name="android.permission.INTERNET" />
11-->src\main\AndroidManifest.xml:4:5-67
11-->src\main\AndroidManifest.xml:4:22-64
12
13    <application
13-->src\main\AndroidManifest.xml:6:5-21:19
14        android:allowBackup="true"
14-->src\main\AndroidManifest.xml:7:9-35
15        android:appComponentFactory="androidx.core.app.CoreComponentFactory"
15-->[androidx.core:core:1.1.0] AndroidManifest.xml:24:18-86
16        android:debuggable="true"
17        android:extractNativeLibs="false"
18        android:icon="@mipmap/ic_launcher"
18-->src\main\AndroidManifest.xml:8:9-43
19        android:label="@string/app_name"
19-->src\main\AndroidManifest.xml:9:9-41
20        android:roundIcon="@mipmap/ic_launcher_round"
20-->src\main\AndroidManifest.xml:10:9-54
21        android:supportsRtl="true"
21-->src\main\AndroidManifest.xml:11:9-35
22        android:theme="@style/AppTheme" >
22-->src\main\AndroidManifest.xml:12:9-40
23        <activity android:name="com.example.mypro.Main2Activity" />
23-->src\main\AndroidManifest.xml:13:9-51
23-->src\main\AndroidManifest.xml:13:19-48
24        <activity android:name="com.example.mypro.MainActivity" >
24-->src\main\AndroidManifest.xml:14:9-20:20
24-->src\main\AndroidManifest.xml:14:19-47
25            <intent-filter>
25-->src\main\AndroidManifest.xml:15:13-19:29
26                <action android:name="android.intent.action.MAIN" />
26-->src\main\AndroidManifest.xml:16:17-69
26-->src\main\AndroidManifest.xml:16:25-66
27
28                <category android:name="android.intent.category.LAUNCHER" />
28-->src\main\AndroidManifest.xml:18:17-77
28-->src\main\AndroidManifest.xml:18:27-74
29            </intent-filter>
30        </activity>
31        <activity
31-->[com.google.firebase:firebase-auth:19.3.1] AndroidManifest.xml:24:9-31:50
32            android:name="com.google.firebase.auth.internal.FederatedSignInActivity"
32-->[com.google.firebase:firebase-auth:19.3.1] AndroidManifest.xml:25:13-85
33            android:excludeFromRecents="true"
33-->[com.google.firebase:firebase-auth:19.3.1] AndroidManifest.xml:26:13-46
34            android:exported="true"
34-->[com.google.firebase:firebase-auth:19.3.1] AndroidManifest.xml:27:13-36
35            android:launchMode="singleTask"
35-->[com.google.firebase:firebase-auth:19.3.1] AndroidManifest.xml:28:13-44
36            android:permission="com.google.firebase.auth.api.gms.permission.LAUNCH_FEDERATED_SIGN_IN"
36-->[com.google.firebase:firebase-auth:19.3.1] AndroidManifest.xml:29:13-102
37            android:theme="@android:style/Theme.Translucent.NoTitleBar" />
37-->[com.google.firebase:firebase-auth:19.3.1] AndroidManifest.xml:30:13-72
38
39        <service
39-->[com.google.firebase:firebase-auth:19.3.1] AndroidManifest.xml:33:9-39:19
40            android:name="com.google.firebase.components.ComponentDiscoveryService"
40-->[com.google.firebase:firebase-auth:19.3.1] AndroidManifest.xml:34:13-84
41            android:directBootAware="true"
41-->[com.google.firebase:firebase-common:19.3.0] AndroidManifest.xml:34:13-43
42            android:exported="false" >
42-->[com.google.firebase:firebase-auth:19.3.1] AndroidManifest.xml:35:13-37
43            <meta-data
43-->[com.google.firebase:firebase-auth:19.3.1] AndroidManifest.xml:36:13-38:85
44                android:name="com.google.firebase.components:com.google.firebase.auth.FirebaseAuthRegistrar"
44-->[com.google.firebase:firebase-auth:19.3.1] AndroidManifest.xml:37:17-109
45                android:value="com.google.firebase.components.ComponentRegistrar" />
45-->[com.google.firebase:firebase-auth:19.3.1] AndroidManifest.xml:38:17-82
46        </service>
47
48        <activity
48-->[com.google.android.gms:play-services-base:17.1.0] AndroidManifest.xml:23:9-26:75
49            android:name="com.google.android.gms.common.api.GoogleApiActivity"
49-->[com.google.android.gms:play-services-base:17.1.0] AndroidManifest.xml:24:13-79
50            android:exported="false"
50-->[com.google.android.gms:play-services-base:17.1.0] AndroidManifest.xml:25:13-37
51            android:theme="@android:style/Theme.Translucent.NoTitleBar" />
51-->[com.google.android.gms:play-services-base:17.1.0] AndroidManifest.xml:26:13-72
52
53        <provider
53-->[com.google.firebase:firebase-common:19.3.0] AndroidManifest.xml:26:9-30:39
54            android:name="com.google.firebase.provider.FirebaseInitProvider"
54-->[com.google.firebase:firebase-common:19.3.0] AndroidManifest.xml:27:13-77
55            android:authorities="com.example.mypro.firebaseinitprovider"
55-->[com.google.firebase:firebase-common:19.3.0] AndroidManifest.xml:28:13-72
56            android:exported="false"
56-->[com.google.firebase:firebase-common:19.3.0] AndroidManifest.xml:29:13-37
57            android:initOrder="100" />
57-->[com.google.firebase:firebase-common:19.3.0] AndroidManifest.xml:30:13-36
58
59        <meta-data
59-->[com.google.android.gms:play-services-basement:17.0.0] AndroidManifest.xml:23:9-25:69
60            android:name="com.google.android.gms.version"
60-->[com.google.android.gms:play-services-basement:17.0.0] AndroidManifest.xml:24:13-58
61            android:value="@integer/google_play_services_version" />
61-->[com.google.android.gms:play-services-basement:17.0.0] AndroidManifest.xml:25:13-66
62    </application>
63
64</manifest>